<?xml version="1.0" encoding="UTF-8"?><testsuite name="nosetests" tests="64" errors="0" failures="0" skip="0"><testcase classname="test_cashflow.FXLinkedCashFlowTest" name="testConsistency" time="0.000"></testcase><testcase classname="test_cashflow.FXLinkedCashFlowTest" name="testSimpleInspectors" time="0.000"></testcase><testcase classname="test_cashflow.FloatingRateFXLinkedNotionalCouponTest" name="testConsistency" time="0.000"></testcase><testcase classname="test_cashflow.FloatingRateFXLinkedNotionalCouponTest" name="testSimpleInspectors" time="0.000"></testcase><testcase classname="test_crosscurrencyswap.CrossCurrencySwapTest" name="testInstrumentCreation" time="0.000"><system-out><![CDATA[Set Up of the Instrument Arguments
Creation the Instrument Object
Creation of  Instrument Engine
Pricing of the Instrument with the Engine
]]></system-out></testcase><testcase classname="test_instruments.AverageOISTest" name="testConsistency" time="0.018"></testcase><testcase classname="test_instruments.AverageOISTest" name="testSimpleInspectors" time="0.006"></testcase><testcase classname="test_instruments.CDSOptionTest" name="testConsistency" time="0.000"></testcase><testcase classname="test_instruments.CDSOptionTest" name="testSimpleInspectors" time="0.000"></testcase><testcase classname="test_instruments.CommodityForwardTest" name="testNPV" time="0.001"></testcase><testcase classname="test_instruments.CommodityForwardTest" name="testSimpleInspectors" time="0.000"></testcase><testcase classname="test_instruments.CreditDefaultSwapTest" name="testConsistency" time="0.001"></testcase><testcase classname="test_instruments.CreditDefaultSwapTest" name="testSimpleInspectors" time="0.000"></testcase><testcase classname="test_instruments.CrossCcyBasisSwapTest" name="testConsistency" time="0.001"></testcase><testcase classname="test_instruments.CrossCcyBasisSwapTest" name="testSchedules" time="0.000"></testcase><testcase classname="test_instruments.CrossCcyBasisSwapTest" name="testSimpleInspectors" time="0.001"></testcase><testcase classname="test_instruments.CrossCurrencyFixFloatSwapTest" name="testConsistency" time="0.000"></testcase><testcase classname="test_instruments.CrossCurrencyFixFloatSwapTest" name="testSchedules" time="0.000"></testcase><testcase classname="test_instruments.CrossCurrencyFixFloatSwapTest" name="testSimpleInspectors" time="0.000"></testcase><testcase classname="test_instruments.DepositTest" name="testConsistency" time="0.001"></testcase><testcase classname="test_instruments.DepositTest" name="testSimpleInspectors" time="0.000"></testcase><testcase classname="test_instruments.DiscountingSwapEngineMultiCurveTest" name="testConsistency" time="0.000"></testcase><testcase classname="test_instruments.EquityForwardTest" name="testConsistency" time="0.000"></testcase><testcase classname="test_instruments.EquityForwardTest" name="testSimpleInspectors" time="0.000"></testcase><testcase classname="test_instruments.FxForwardTest" name="testConsistency" time="0.001"></testcase><testcase classname="test_instruments.FxForwardTest" name="testSimpleInspectors" time="0.000"></testcase><testcase classname="test_instruments.OvernightIndexedBasisSwapTest" name="testConsistency" time="0.012"></testcase><testcase classname="test_instruments.OvernightIndexedBasisSwapTest" name="testSchedules" time="0.004"></testcase><testcase classname="test_instruments.OvernightIndexedBasisSwapTest" name="testSimpleInspectors" time="0.003"></testcase><testcase classname="test_instruments.OvernightIndexedCrossCcyBasisSwapTest" name="testConsistency" time="0.022"></testcase><testcase classname="test_instruments.OvernightIndexedCrossCcyBasisSwapTest" name="testSchedules" time="0.007"></testcase><testcase classname="test_instruments.OvernightIndexedCrossCcyBasisSwapTest" name="testSimpleInspectors" time="0.007"></testcase><testcase classname="test_instruments.PaymentTest" name="testConsistency" time="0.000"></testcase><testcase classname="test_instruments.PaymentTest" name="testSimpleInspectors" time="0.000"></testcase><testcase classname="test_instruments.SubPeriodsSwapTest" name="testConsistency" time="0.001"></testcase><testcase classname="test_instruments.SubPeriodsSwapTest" name="testSchedules" time="0.000"></testcase><testcase classname="test_instruments.SubPeriodsSwapTest" name="testSimpleInspectors" time="0.000"></testcase><testcase classname="test_instruments.TenorBasisSwapTest" name="testConsistency" time="0.000"></testcase><testcase classname="test_instruments.TenorBasisSwapTest" name="testSchedules" time="0.000"></testcase><testcase classname="test_instruments.TenorBasisSwapTest" name="testSimpleInspectors" time="0.000"></testcase><testcase classname="test_loader.CSVLoaderTest" name="testConsistency" time="0.114"><system-out><![CDATA[C:\dev\oreplus_2\oreswig\OREAnalytics-SWIG\Python\test
]]></system-out></testcase><testcase classname="test_loader.CSVLoaderTest" name="testSimpleInspectors" time="0.342"><system-out><![CDATA[C:\dev\oreplus_2\oreswig\OREAnalytics-SWIG\Python\test
]]></system-out></testcase><testcase classname="test_loader.InMemoryLoaderTest" name="testConsistency" time="0.077"><system-out><![CDATA[C:\dev\oreplus_2\oreswig\OREAnalytics-SWIG\Python\test
market data/loader size  7837 7837
]]></system-out></testcase><testcase classname="test_loader.InMemoryLoaderTest" name="testSimpleInspectors" time="0.325"><system-out><![CDATA[C:\dev\oreplus_2\oreswig\OREAnalytics-SWIG\Python\test
market data/loader size  7837 7837
]]></system-out></testcase><testcase classname="test_marketdatum.CorrelationPriceQuoteTest" name="testSimpleInspectors" time="0.000"></testcase><testcase classname="test_marketdatum.CorrelationQuoteThrowTest" name="testMarketDatumParsingFail" time="0.000"></testcase><testcase classname="test_marketdatum.CorrelationRateQuoteTest" name="testSimpleInspectors" time="0.000"></testcase><testcase classname="test_ratehelpers.AverageOISRateHelpersTest" name="testSimpleInspectors" time="0.004"></testcase><testcase classname="test_ratehelpers.BasisTwoSwapHelperTest" name="testSimpleInspectors" time="0.001"></testcase><testcase classname="test_ratehelpers.CrossCcyBasisSwapHelperTest" name="testSimpleInspectors" time="0.000"></testcase><testcase classname="test_ratehelpers.CrossCcyFixFloatSwapHelperTest" name="testSimpleInspectors" time="0.000"></testcase><testcase classname="test_ratehelpers.ImmFraRateHelperTest" name="testSimpleInspectors" time="0.000"></testcase><testcase classname="test_ratehelpers.OIBSHelperTest" name="testSimpleInspectors" time="0.000"></testcase><testcase classname="test_ratehelpers.OICCBSHelperTest" name="testSimpleInspectors" time="0.002"></testcase><testcase classname="test_ratehelpers.SubPeriodsSwapHelperTest" name="testSimpleInspectors" time="0.000"></testcase><testcase classname="test_ratehelpers.TenorBasisSwapHelperTest" name="testSimpleInspectors" time="0.000"></testcase><testcase classname="test_termstructures.BlackVarianceSurfaceMoneynessForwardTest" name="testSimpleInspectors" time="0.001"></testcase><testcase classname="test_termstructures.BlackVarianceSurfaceMoneynessSpotTest" name="testSimpleInspectors" time="0.000"></testcase><testcase classname="test_termstructures.BlackVolatilityWithATMTest" name="testSimpleInspectors" time="0.000"></testcase><testcase classname="test_termstructures.FxBlackVannaVolgaVolatilitySurfaceTest" name="testSimpleInspectors" time="0.001"></testcase><testcase classname="test_termstructures.QLESwaptionVolCube2Test" name="testSimpleInspectors" time="0.000"></testcase><testcase classname="test_termstructures.SwapConventionsTest" name="testSimpleInspectors" time="0.000"></testcase><testcase classname="test_termstructures.SwaptionVolCubeWithATMTest" name="testSimpleInspectors" time="0.001"></testcase><testcase classname="test_termstructures.SwaptionVolatilityConstantSpreadTest" name="testSimpleInspectors" time="0.000"></testcase></testsuite>